********************************************************************************
PACKAGE-LOG: 2016-01-12 04:47:19
NOTICE: Do NOT post to public sites or forums 
********************************************************************************
VERSION:	1.1.0
WORDPRESS:	4.4.1
PHP INFO:	5.5.9-1ubuntu4.9 | SAPI: apache2handler
SERVER:		Apache/2.4.7 (Ubuntu) 
PHP TIME LIMIT: (0) no time limit imposed 
PHP MAX MEMORY: 5000M (128M default) 
MEMORY STACK: 21MB 

********************************************************************************
DATABASE:
********************************************************************************
BUILD MODE:   PHP(query limit - 100)
MYSQLTIMEOUT: 5000
MYSQLDUMP:    Not Supported 
TABLES: total:13 | filtered:0 | create:13 
FILTERED: [] 
SQL CREATED: 20160112_morifujiindustry_5694854a8db3c6322160112044706_database.sql 
SQL FILE SIZE: 443.78KB (454431) 
SQL FILE TIME: 2016-01-12 04:47:19 
SQL RUNTIME: 0.02 sec. 

******************************************************************************** 
ARCHIVE (ZIP): 
******************************************************************************** 
ARCHIVE DIR:  /home/creativegeek/Workspaces/samples/morifuji 
ARCHIVE FILE: 20160112_morifujiindustry_5694854a8db3c6322160112044706_archive.zip 
FILTERS: *OFF* 
DIRS:  not set 
EXTS:  not set 
---------------------------------------- 
COMPRESSING 
SIZE:	34.9MB 
STATS:	Dirs 415 | Files 2,828 
SQL ADDED: 20160112_morifujiindustry_5694854a8db3c6322160112044706_database.sql 
ZipArchive Object
(
    [status] => 0
    [statusSys] => 0
    [numFiles] => 3243
    [filename] => /home/creativegeek/Workspaces/samples/morifuji/wp-snapshots/tmp/20160112_morifujiindustry_5694854a8db3c6322160112044706_archive.zip
    [comment] => 
)
 
COMPRESSION RESULT: '1' 
COMPRESSED SIZE: 21.45MB 
ARCHIVE RUNTIME: 8.20 sec. 
MEMORY STACK: 22.5MB 

******************************************************************************** 
MAKE INSTALLER: 
******************************************************************************** 
Build Start 
Build Finished 
Preping for use 
Template parsed with new data 
Complete [/home/creativegeek/Workspaces/samples/morifuji/wp-snapshots/tmp/20160112_morifujiindustry_5694854a8db3c6322160112044706_installer.php] 
Added to archive 

******************************************************************************** 
INTEGRITY CHECKS: 
******************************************************************************** 
SQL File: 443.78KB 
Installer File: 318.89KB 
Archive File: 21.45MB  

********************************************************************************
RECORD ID:[1]
TOTAL PROCESS RUNTIME: 10.89 sec.
PEAK PHP MEMORY USED: 24.5MB
DONE PROCESSING => 20160112_morifujiindustry 2016-01-12 04:47:30
 
